<?xml version="1.0" encoding="UTF-8"?>
<!-- Generated by org.testng.reporters.JUnitXMLReporter -->
<testsuite hostname="LT103" ignored="0" name="Default test" tests="3" failures="0" timestamp="27 Feb 2019 11:14:23 GMT" time="9.86" errors="0">
  <testcase name="Test1" time="7.475" classname="com.mycompany.app.MainAppTest"/>
  <testcase name="Test2" time="0.012" classname="com.mycompany.app.MainAppTest"/>
  <testcase name="Test3" time="0.012" classname="com.mycompany.app.MainAppTest"/>
</testsuite> <!-- Default test -->
