<?xml version="1.0" encoding="UTF-8"?>
<testng-results skipped="0" failed="0" ignored="0" total="2" passed="2">
  <reporter-output>
  </reporter-output>
  <suite name="Suite" duration-ms="7463" started-at="2019-02-25T09:55:26Z" finished-at="2019-02-25T09:55:34Z">
    <groups>
    </groups>
    <test name="Test" duration-ms="7463" started-at="2019-02-25T09:55:26Z" finished-at="2019-02-25T09:55:34Z">
      <class name="com.mycompany.app.MainAppTest">
        <test-method status="PASS" signature="Test1()[pri:0, instance:com.mycompany.app.MainAppTest@3fb6a447]" name="Test1" duration-ms="7426" started-at="2019-02-25T09:55:26Z" finished-at="2019-02-25T09:55:34Z">
          <reporter-output>
          </reporter-output>
        </test-method> <!-- Test1 -->
        <test-method status="PASS" signature="Test2()[pri:0, instance:com.mycompany.app.MainAppTest@3fb6a447]" name="Test2" duration-ms="1" started-at="2019-02-25T09:55:34Z" finished-at="2019-02-25T09:55:34Z">
          <reporter-output>
          </reporter-output>
        </test-method> <!-- Test2 -->
      </class> <!-- com.mycompany.app.MainAppTest -->
    </test> <!-- Test -->
  </suite> <!-- Suite -->
</testng-results>
