<?xml version="1.0" encoding="UTF-8"?>
<testng-results skipped="0" failed="0" ignored="0" total="3" passed="3">
  <reporter-output>
  </reporter-output>
  <suite name="Default suite" duration-ms="9860" started-at="2019-02-27T11:14:14Z" finished-at="2019-02-27T11:14:23Z">
    <groups>
    </groups>
    <test name="Default test" duration-ms="9860" started-at="2019-02-27T11:14:14Z" finished-at="2019-02-27T11:14:23Z">
      <class name="com.mycompany.app.MainAppTest">
        <test-method status="PASS" signature="Test1()[pri:0, instance:com.mycompany.app.MainAppTest@130d63be]" name="Test1" duration-ms="7475" started-at="2019-02-27T11:14:14Z" finished-at="2019-02-27T11:14:21Z">
          <reporter-output>
          </reporter-output>
        </test-method> <!-- Test1 -->
        <test-method status="PASS" signature="Test2()[pri:0, instance:com.mycompany.app.MainAppTest@130d63be]" name="Test2" duration-ms="12" started-at="2019-02-27T11:14:21Z" finished-at="2019-02-27T11:14:21Z">
          <reporter-output>
          </reporter-output>
        </test-method> <!-- Test2 -->
        <test-method status="PASS" signature="Test3()[pri:0, instance:com.mycompany.app.MainAppTest@130d63be]" name="Test3" duration-ms="12" started-at="2019-02-27T11:14:21Z" finished-at="2019-02-27T11:14:21Z">
          <reporter-output>
          </reporter-output>
        </test-method> <!-- Test3 -->
        <test-method status="PASS" signature="exitBrowser()[pri:0, instance:com.mycompany.app.MainAppTest@130d63be]" name="exitBrowser" is-config="true" duration-ms="2325" started-at="2019-02-27T11:14:21Z" finished-at="2019-02-27T11:14:23Z">
          <reporter-output>
          </reporter-output>
        </test-method> <!-- exitBrowser -->
      </class> <!-- com.mycompany.app.MainAppTest -->
    </test> <!-- Default test -->
  </suite> <!-- Default suite -->
</testng-results>
